#
# There is insufficient memory for the Java Runtime Environment to continue.
# Native memory allocation (mmap) failed to map 65536 bytes for Failed to commit metaspace.
# Possible reasons:
#   The system is out of physical RAM or swap space
#   The process is running with CompressedOops enabled, and the Java Heap may be blocking the growth of the native heap
# Possible solutions:
#   Reduce memory load on the system
#   Increase physical memory or swap space
#   Check if swap backing store is full
#   Decrease Java heap size (-Xmx/-Xms)
#   Decrease number of Java threads
#   Decrease Java thread stack sizes (-Xss)
#   Set larger code cache with -XX:ReservedCodeCacheSize=
#   JVM is running with Unscaled Compressed Oops mode in which the Java heap is
#     placed in the first 4GB address space. The Java Heap base address is the
#     maximum limit for the native heap growth. Please use -XX:HeapBaseMinAddress
#     to set the Java Heap base and to place the Java Heap above 4GB virtual address.
# This output file may be truncated or incomplete.
#
#  Out of Memory Error (virtualSpaceNode.cpp:110), pid=15920, tid=15428
#
# JRE version: OpenJDK Runtime Environment Temurin-17.0.9+9 (17.0.9+9) (build 17.0.9+9)
# Java VM: OpenJDK 64-Bit Server VM Temurin-17.0.9+9 (17.0.9+9, mixed mode, tiered, compressed oops, compressed class ptrs, g1 gc, windows-amd64)
# No core dump will be written. Minidumps are not enabled by default on client versions of Windows
#

---------------  S U M M A R Y ------------

Command Line: -Dfile.encoding=UTF-8 -Dstdout.encoding=UTF-8 -Dstderr.encoding=UTF-8 -XX:+ShowCodeDetailsInExceptionMessages com.excelr.hibernate_caching.App

Host: Intel(R) Celeron(R) N4120 CPU @ 1.10GHz, 4 cores, 3G,  Windows 11 , 64 bit Build 22621 (10.0.22621.3672)
Time: Mon Jun 10 17:42:13 2024 Eastern Daylight Time elapsed time: 0.540221 seconds (0d 0h 0m 0s)

---------------  T H R E A D  ---------------

Current thread (0x00000188da4f7910):  JavaThread "C1 CompilerThread0" daemon [_thread_in_vm, id=15428, stack(0x0000002745a00000,0x0000002745b00000)]


Current CompileTask:
C1:    540   19       3       java.util.Set::of (68 bytes)

Stack: [0x0000002745a00000,0x0000002745b00000]
Native frames: (J=compiled Java code, j=interpreted, Vv=VM code, C=native code)
V  [jvm.dll+0x67cf49]
V  [jvm.dll+0x83478a]
V  [jvm.dll+0x83624e]
V  [jvm.dll+0x8368b3]
V  [jvm.dll+0x247f1f]
V  [jvm.dll+0x83044b]
V  [jvm.dll+0x621776]
V  [jvm.dll+0x6217da]
V  [jvm.dll+0x62400a]
V  [jvm.dll+0x622116]
V  [jvm.dll+0x63346a]
V  [jvm.dll+0x62c22a]
V  [jvm.dll+0x1ce1f0]
V  [jvm.dll+0x1ce3e0]
V  [jvm.dll+0x1482a1]
V  [jvm.dll+0x1480e5]
V  [jvm.dll+0x13f91e]
V  [jvm.dll+0x141ed5]
V  [jvm.dll+0x1401b4]
V  [jvm.dll+0x13a12f]
V  [jvm.dll+0x149d46]
V  [jvm.dll+0x135830]
V  [jvm.dll+0x135b90]
V  [jvm.dll+0x135e56]
V  [jvm.dll+0x1352ea]
V  [jvm.dll+0x136fa1]
V  [jvm.dll+0x2297ae]
V  [jvm.dll+0x22797c]
V  [jvm.dll+0x7e9877]
V  [jvm.dll+0x7e3c3a]
V  [jvm.dll+0x67be35]
C  [ucrtbase.dll+0x29333]
C  [KERNEL32.DLL+0x1257d]
C  [ntdll.dll+0x5aa48]


---------------  P R O C E S S  ---------------

Threads class SMR info:
_java_thread_list=0x00000188da4c3460, length=10, elements={
0x00000188c33acf60, 0x00000188da3392f0, 0x00000188da33aaa0, 0x00000188da4b8070,
0x00000188da4b9a50, 0x00000188da4ba610, 0x00000188da4beff0, 0x00000188da4bfce0,
0x00000188da4f7910, 0x00000188da4fa9e0
}

Java Threads: ( => current thread )
  0x00000188c33acf60 JavaThread "main" [_thread_in_vm, id=7568, stack(0x0000002744c00000,0x0000002744d00000)]
  0x00000188da3392f0 JavaThread "Reference Handler" daemon [_thread_blocked, id=11092, stack(0x0000002745300000,0x0000002745400000)]
  0x00000188da33aaa0 JavaThread "Finalizer" daemon [_thread_blocked, id=14688, stack(0x0000002745400000,0x0000002745500000)]
  0x00000188da4b8070 JavaThread "Signal Dispatcher" daemon [_thread_blocked, id=10708, stack(0x0000002745500000,0x0000002745600000)]
  0x00000188da4b9a50 JavaThread "Attach Listener" daemon [_thread_blocked, id=11424, stack(0x0000002745600000,0x0000002745700000)]
  0x00000188da4ba610 JavaThread "Service Thread" daemon [_thread_blocked, id=4360, stack(0x0000002745700000,0x0000002745800000)]
  0x00000188da4beff0 JavaThread "Monitor Deflation Thread" daemon [_thread_blocked, id=16352, stack(0x0000002745800000,0x0000002745900000)]
  0x00000188da4bfce0 JavaThread "C2 CompilerThread0" daemon [_thread_blocked, id=1936, stack(0x0000002745900000,0x0000002745a00000)]
=>0x00000188da4f7910 JavaThread "C1 CompilerThread0" daemon [_thread_in_vm, id=15428, stack(0x0000002745a00000,0x0000002745b00000)]
  0x00000188da4fa9e0 JavaThread "Sweeper thread" daemon [_thread_blocked, id=2196, stack(0x0000002745b00000,0x0000002745c00000)]

Other Threads:
  0x00000188da2db4f0 VMThread "VM Thread" [stack: 0x0000002745200000,0x0000002745300000] [id=4452]
  0x00000188c33ea810 GCTaskThread "GC Thread#0" [stack: 0x0000002744d00000,0x0000002744e00000] [id=7688]
  0x00000188c33f3020 ConcurrentGCThread "G1 Main Marker" [stack: 0x0000002744e00000,0x0000002744f00000] [id=11304]
  0x00000188c33f3a40 ConcurrentGCThread "G1 Conc#0" [stack: 0x0000002744f00000,0x0000002745000000] [id=10804]
  0x00000188c3431be0 ConcurrentGCThread "G1 Refine#0" [stack: 0x0000002745000000,0x0000002745100000] [id=5240]
  0x00000188c3432db0 ConcurrentGCThread "G1 Service" [stack: 0x0000002745100000,0x0000002745200000] [id=1420]

Threads with active compile tasks:
C1 CompilerThread0      654   19       3       java.util.Set::of (68 bytes)

VM state: not at safepoint (normal execution)

VM Mutex/Monitor currently owned by a thread:  ([mutex/lock_event])
[0x00000188c33a6dc0] Metaspace_lock - owner thread: 0x00000188da4f7910
[0x00000188c33a8a30] MethodData_lock - owner thread: 0x00000188da4f7910

Heap address: 0x00000000c3a00000, size: 966 MB, Compressed Oops mode: 32-bit

CDS archive(s) not mapped
Compressed class space mapped at: 0x0000000100000000-0x0000000140000000, reserved size: 1073741824
Narrow klass base: 0x0000000000000000, Narrow klass shift: 3, Narrow klass range: 0x140000000

GC Precious Log:
 CPUs: 4 total, 4 available
 Memory: 3858M
 Large Page Support: Disabled
 NUMA Support: Disabled
 Compressed Oops: Enabled (32-bit)
 Heap Region Size: 1M
 Heap Min Capacity: 8M
 Heap Initial Capacity: 62M
 Heap Max Capacity: 966M
 Pre-touch: Disabled
 Parallel Workers: 4
 Concurrent Workers: 1
 Concurrent Refinement Workers: 4
 Periodic GC: Disabled

Heap:
 garbage-first heap   total 63488K, used 0K [0x00000000c3a00000, 0x0000000100000000)
  region size 1024K, 1 young (1024K), 0 survivors (0K)
 Metaspace       used 2899K, committed 2944K, reserved 1114112K
  class space    used 212K, committed 256K, reserved 1048576K

Heap Regions: E=young(eden), S=young(survivor), O=old, HS=humongous(starts), HC=humongous(continues), CS=collection set, F=free, OA=open archive, CA=closed archive, TAMS=top-at-mark-start (previous, next)
|   0|0x00000000c3a00000, 0x00000000c3a00000, 0x00000000c3b00000|  0%| F|  |TAMS 0x00000000c3a00000, 0x00000000c3a00000| Untracked 
|   1|0x00000000c3b00000, 0x00000000c3b00000, 0x00000000c3c00000|  0%| F|  |TAMS 0x00000000c3b00000, 0x00000000c3b00000| Untracked 
|   2|0x00000000c3c00000, 0x00000000c3c00000, 0x00000000c3d00000|  0%| F|  |TAMS 0x00000000c3c00000, 0x00000000c3c00000| Untracked 
|   3|0x00000000c3d00000, 0x00000000c3d00000, 0x00000000c3e00000|  0%| F|  |TAMS 0x00000000c3d00000, 0x00000000c3d00000| Untracked 
|   4|0x00000000c3e00000, 0x00000000c3e00000, 0x00000000c3f00000|  0%| F|  |TAMS 0x00000000c3e00000, 0x00000000c3e00000| Untracked 
|   5|0x00000000c3f00000, 0x00000000c3f00000, 0x00000000c4000000|  0%| F|  |TAMS 0x00000000c3f00000, 0x00000000c3f00000| Untracked 
|   6|0x00000000c4000000, 0x00000000c4000000, 0x00000000c4100000|  0%| F|  |TAMS 0x00000000c4000000, 0x00000000c4000000| Untracked 
|   7|0x00000000c4100000, 0x00000000c4100000, 0x00000000c4200000|  0%| F|  |TAMS 0x00000000c4100000, 0x00000000c4100000| Untracked 
|   8|0x00000000c4200000, 0x00000000c4200000, 0x00000000c4300000|  0%| F|  |TAMS 0x00000000c4200000, 0x00000000c4200000| Untracked 
|   9|0x00000000c4300000, 0x00000000c4300000, 0x00000000c4400000|  0%| F|  |TAMS 0x00000000c4300000, 0x00000000c4300000| Untracked 
|  10|0x00000000c4400000, 0x00000000c4400000, 0x00000000c4500000|  0%| F|  |TAMS 0x00000000c4400000, 0x00000000c4400000| Untracked 
|  11|0x00000000c4500000, 0x00000000c4500000, 0x00000000c4600000|  0%| F|  |TAMS 0x00000000c4500000, 0x00000000c4500000| Untracked 
|  12|0x00000000c4600000, 0x00000000c4600000, 0x00000000c4700000|  0%| F|  |TAMS 0x00000000c4600000, 0x00000000c4600000| Untracked 
|  13|0x00000000c4700000, 0x00000000c4700000, 0x00000000c4800000|  0%| F|  |TAMS 0x00000000c4700000, 0x00000000c4700000| Untracked 
|  14|0x00000000c4800000, 0x00000000c4800000, 0x00000000c4900000|  0%| F|  |TAMS 0x00000000c4800000, 0x00000000c4800000| Untracked 
|  15|0x00000000c4900000, 0x00000000c4900000, 0x00000000c4a00000|  0%| F|  |TAMS 0x00000000c4900000, 0x00000000c4900000| Untracked 
|  16|0x00000000c4a00000, 0x00000000c4a00000, 0x00000000c4b00000|  0%| F|  |TAMS 0x00000000c4a00000, 0x00000000c4a00000| Untracked 
|  17|0x00000000c4b00000, 0x00000000c4b00000, 0x00000000c4c00000|  0%| F|  |TAMS 0x00000000c4b00000, 0x00000000c4b00000| Untracked 
|  18|0x00000000c4c00000, 0x00000000c4c00000, 0x00000000c4d00000|  0%| F|  |TAMS 0x00000000c4c00000, 0x00000000c4c00000| Untracked 
|  19|0x00000000c4d00000, 0x00000000c4d00000, 0x00000000c4e00000|  0%| F|  |TAMS 0x00000000c4d00000, 0x00000000c4d00000| Untracked 
|  20|0x00000000c4e00000, 0x00000000c4e00000, 0x00000000c4f00000|  0%| F|  |TAMS 0x00000000c4e00000, 0x00000000c4e00000| Untracked 
|  21|0x00000000c4f00000, 0x00000000c4f00000, 0x00000000c5000000|  0%| F|  |TAMS 0x00000000c4f00000, 0x00000000c4f00000| Untracked 
|  22|0x00000000c5000000, 0x00000000c5000000, 0x00000000c5100000|  0%| F|  |TAMS 0x00000000c5000000, 0x00000000c5000000| Untracked 
|  23|0x00000000c5100000, 0x00000000c5100000, 0x00000000c5200000|  0%| F|  |TAMS 0x00000000c5100000, 0x00000000c5100000| Untracked 
|  24|0x00000000c5200000, 0x00000000c5200000, 0x00000000c5300000|  0%| F|  |TAMS 0x00000000c5200000, 0x00000000c5200000| Untracked 
|  25|0x00000000c5300000, 0x00000000c5300000, 0x00000000c5400000|  0%| F|  |TAMS 0x00000000c5300000, 0x00000000c5300000| Untracked 
|  26|0x00000000c5400000, 0x00000000c5400000, 0x00000000c5500000|  0%| F|  |TAMS 0x00000000c5400000, 0x00000000c5400000| Untracked 
|  27|0x00000000c5500000, 0x00000000c5500000, 0x00000000c5600000|  0%| F|  |TAMS 0x00000000c5500000, 0x00000000c5500000| Untracked 
|  28|0x00000000c5600000, 0x00000000c5600000, 0x00000000c5700000|  0%| F|  |TAMS 0x00000000c5600000, 0x00000000c5600000| Untracked 
|  29|0x00000000c5700000, 0x00000000c5700000, 0x00000000c5800000|  0%| F|  |TAMS 0x00000000c5700000, 0x00000000c5700000| Untracked 
|  30|0x00000000c5800000, 0x00000000c5800000, 0x00000000c5900000|  0%| F|  |TAMS 0x00000000c5800000, 0x00000000c5800000| Untracked 
|  31|0x00000000c5900000, 0x00000000c5900000, 0x00000000c5a00000|  0%| F|  |TAMS 0x00000000c5900000, 0x00000000c5900000| Untracked 
|  32|0x00000000c5a00000, 0x00000000c5a00000, 0x00000000c5b00000|  0%| F|  |TAMS 0x00000000c5a00000, 0x00000000c5a00000| Untracked 
|  33|0x00000000c5b00000, 0x00000000c5b00000, 0x00000000c5c00000|  0%| F|  |TAMS 0x00000000c5b00000, 0x00000000c5b00000| Untracked 
|  34|0x00000000c5c00000, 0x00000000c5c00000, 0x00000000c5d00000|  0%| F|  |TAMS 0x00000000c5c00000, 0x00000000c5c00000| Untracked 
|  35|0x00000000c5d00000, 0x00000000c5d00000, 0x00000000c5e00000|  0%| F|  |TAMS 0x00000000c5d00000, 0x00000000c5d00000| Untracked 
|  36|0x00000000c5e00000, 0x00000000c5e00000, 0x00000000c5f00000|  0%| F|  |TAMS 0x00000000c5e00000, 0x00000000c5e00000| Untracked 
|  37|0x00000000c5f00000, 0x00000000c5f00000, 0x00000000c6000000|  0%| F|  |TAMS 0x00000000c5f00000, 0x00000000c5f00000| Untracked 
|  38|0x00000000c6000000, 0x00000000c6000000, 0x00000000c6100000|  0%| F|  |TAMS 0x00000000c6000000, 0x00000000c6000000| Untracked 
|  39|0x00000000c6100000, 0x00000000c6100000, 0x00000000c6200000|  0%| F|  |TAMS 0x00000000c6100000, 0x00000000c6100000| Untracked 
|  40|0x00000000c6200000, 0x00000000c6200000, 0x00000000c6300000|  0%| F|  |TAMS 0x00000000c6200000, 0x00000000c6200000| Untracked 
|  41|0x00000000c6300000, 0x00000000c6300000, 0x00000000c6400000|  0%| F|  |TAMS 0x00000000c6300000, 0x00000000c6300000| Untracked 
|  42|0x00000000c6400000, 0x00000000c6400000, 0x00000000c6500000|  0%| F|  |TAMS 0x00000000c6400000, 0x00000000c6400000| Untracked 
|  43|0x00000000c6500000, 0x00000000c6500000, 0x00000000c6600000|  0%| F|  |TAMS 0x00000000c6500000, 0x00000000c6500000| Untracked 
|  44|0x00000000c6600000, 0x00000000c6600000, 0x00000000c6700000|  0%| F|  |TAMS 0x00000000c6600000, 0x00000000c6600000| Untracked 
|  45|0x00000000c6700000, 0x00000000c6700000, 0x00000000c6800000|  0%| F|  |TAMS 0x00000000c6700000, 0x00000000c6700000| Untracked 
|  46|0x00000000c6800000, 0x00000000c6800000, 0x00000000c6900000|  0%| F|  |TAMS 0x00000000c6800000, 0x00000000c6800000| Untracked 
|  47|0x00000000c6900000, 0x00000000c6900000, 0x00000000c6a00000|  0%| F|  |TAMS 0x00000000c6900000, 0x00000000c6900000| Untracked 
|  48|0x00000000c6a00000, 0x00000000c6a00000, 0x00000000c6b00000|  0%| F|  |TAMS 0x00000000c6a00000, 0x00000000c6a00000| Untracked 
|  49|0x00000000c6b00000, 0x00000000c6b00000, 0x00000000c6c00000|  0%| F|  |TAMS 0x00000000c6b00000, 0x00000000c6b00000| Untracked 
|  50|0x00000000c6c00000, 0x00000000c6c00000, 0x00000000c6d00000|  0%| F|  |TAMS 0x00000000c6c00000, 0x00000000c6c00000| Untracked 
|  51|0x00000000c6d00000, 0x00000000c6d00000, 0x00000000c6e00000|  0%| F|  |TAMS 0x00000000c6d00000, 0x00000000c6d00000| Untracked 
|  52|0x00000000c6e00000, 0x00000000c6e00000, 0x00000000c6f00000|  0%| F|  |TAMS 0x00000000c6e00000, 0x00000000c6e00000| Untracked 
|  53|0x00000000c6f00000, 0x00000000c6f00000, 0x00000000c7000000|  0%| F|  |TAMS 0x00000000c6f00000, 0x00000000c6f00000| Untracked 
|  54|0x00000000c7000000, 0x00000000c7000000, 0x00000000c7100000|  0%| F|  |TAMS 0x00000000c7000000, 0x00000000c7000000| Untracked 
|  55|0x00000000c7100000, 0x00000000c7100000, 0x00000000c7200000|  0%| F|  |TAMS 0x00000000c7100000, 0x00000000c7100000| Untracked 
|  56|0x00000000c7200000, 0x00000000c7200000, 0x00000000c7300000|  0%| F|  |TAMS 0x00000000c7200000, 0x00000000c7200000| Untracked 
|  57|0x00000000c7300000, 0x00000000c7300000, 0x00000000c7400000|  0%| F|  |TAMS 0x00000000c7300000, 0x00000000c7300000| Untracked 
|  58|0x00000000c7400000, 0x00000000c7400000, 0x00000000c7500000|  0%| F|  |TAMS 0x00000000c7400000, 0x00000000c7400000| Untracked 
|  59|0x00000000c7500000, 0x00000000c7500000, 0x00000000c7600000|  0%| F|  |TAMS 0x00000000c7500000, 0x00000000c7500000| Untracked 
|  60|0x00000000c7600000, 0x00000000c7600000, 0x00000000c7700000|  0%| F|  |TAMS 0x00000000c7600000, 0x00000000c7600000| Untracked 
|  61|0x00000000c7700000, 0x00000000c77c7c60, 0x00000000c7800000| 78%| E|  |TAMS 0x00000000c7700000, 0x00000000c7700000| Complete 

Card table byte_map: [0x00000188d5c60000,0x00000188d5e50000] _byte_map_base: 0x00000188d5643000

Marking Bits (Prev, Next): (CMBitMap*) 0x00000188c33eae30, (CMBitMap*) 0x00000188c33eae70
 Prev Bits: [0x00000188d6040000, 0x00000188d6f58000)
 Next Bits: [0x00000188d6f60000, 0x00000188d7e78000)

Polling page: 0x00000188c2b60000

Metaspace:

Usage:
  Non-class:      2.62 MB used.
      Class:    212.20 KB used.
       Both:      2.83 MB used.

Virtual space:
  Non-class space:       64.00 MB reserved,       2.62 MB (  4%) committed,  1 nodes.
      Class space:        1.00 GB reserved,     256.00 KB ( <1%) committed,  1 nodes.
             Both:        1.06 GB reserved,       2.88 MB ( <1%) committed. 

Chunk freelists:
   Non-Class:  12.00 MB
       Class:  15.75 MB
        Both:  27.75 MB

MaxMetaspaceSize: unlimited
CompressedClassSpaceSize: 1.00 GB
Initial GC threshold: 21.00 MB
Current GC threshold: 21.00 MB
CDS: off
MetaspaceReclaimPolicy: balanced
 - commit_granule_bytes: 65536.
 - commit_granule_words: 8192.
 - virtual_space_node_default_size: 8388608.
 - enlarge_chunks_in_place: 1.
 - new_chunks_are_fully_committed: 0.
 - uncommit_free_chunks: 1.
 - use_allocation_guard: 0.
 - handle_deallocations: 1.


Internal statistics:

num_allocs_failed_limit: 0.
num_arena_births: 2.
num_arena_deaths: 0.
num_vsnodes_births: 2.
num_vsnodes_deaths: 0.
num_space_committed: 46.
num_space_uncommitted: 0.
num_chunks_returned_to_freelist: 0.
num_chunks_taken_from_freelist: 3.
num_chunk_merges: 0.
num_chunk_splits: 2.
num_chunks_enlarged: 0.
num_inconsistent_stats: 0.

CodeHeap 'non-profiled nmethods': size=120000Kb used=1Kb max_used=1Kb free=119998Kb
 bounds [0x00000188ce540000, 0x00000188ce7b0000, 0x00000188d5a70000]
CodeHeap 'profiled nmethods': size=120000Kb used=20Kb max_used=20Kb free=119979Kb
 bounds [0x00000188c6a70000, 0x00000188c6ce0000, 0x00000188cdfa0000]
CodeHeap 'non-nmethods': size=5760Kb used=1016Kb max_used=1029Kb free=4744Kb
 bounds [0x00000188cdfa0000, 0x00000188ce210000, 0x00000188ce540000]
 total_blobs=286 nmethods=18 adapters=182
 compilation: enabled
              stopped_count=0, restarted_count=0
 full_count=0

Compilation events (20 events):
Event: 0.528 Thread 0x00000188da4f7910    7       3       java.lang.String::equals (56 bytes)
Event: 0.529 Thread 0x00000188da4f7910 nmethod 7 0x00000188c6a72710 code [0x00000188c6a728e0, 0x00000188c6a72d48]
Event: 0.529 Thread 0x00000188da4f7910    9       3       java.util.Objects::equals (23 bytes)
Event: 0.530 Thread 0x00000188da4f7910 nmethod 9 0x00000188c6a72e10 code [0x00000188c6a72fc0, 0x00000188c6a73228]
Event: 0.530 Thread 0x00000188da4f7910   10       3       java.util.Set::of (4 bytes)
Event: 0.530 Thread 0x00000188da4f7910 nmethod 10 0x00000188c6a73310 code [0x00000188c6a734a0, 0x00000188c6a73598]
Event: 0.530 Thread 0x00000188da4f7910   11       3       java.lang.module.ModuleDescriptor$Exports::<init> (20 bytes)
Event: 0.530 Thread 0x00000188da4f7910 nmethod 11 0x00000188c6a73610 code [0x00000188c6a737c0, 0x00000188c6a73a38]
Event: 0.530 Thread 0x00000188da4bfce0   13       4       java.lang.StringLatin1::hashCode (42 bytes)
Event: 0.530 Thread 0x00000188da4f7910   12       3       java.lang.module.ModuleDescriptor$Exports::hashCode (38 bytes)
Event: 0.531 Thread 0x00000188da4f7910 nmethod 12 0x00000188c6a73b10 code [0x00000188c6a73ce0, 0x00000188c6a73fe8]
Event: 0.531 Thread 0x00000188da4f7910   14       3       java.util.Objects::requireNonNull (14 bytes)
Event: 0.532 Thread 0x00000188da4f7910 nmethod 14 0x00000188c6a74110 code [0x00000188c6a742c0, 0x00000188c6a744a8]
Event: 0.532 Thread 0x00000188da4f7910   15       3       java.util.AbstractCollection::<init> (5 bytes)
Event: 0.532 Thread 0x00000188da4f7910 nmethod 15 0x00000188c6a74590 code [0x00000188c6a74720, 0x00000188c6a74878]
Event: 0.532 Thread 0x00000188da4f7910   16       3       java.util.ImmutableCollections$AbstractImmutableCollection::<init> (5 bytes)
Event: 0.532 Thread 0x00000188da4f7910 nmethod 16 0x00000188c6a74910 code [0x00000188c6a74ac0, 0x00000188c6a74c78]
Event: 0.533 Thread 0x00000188da4f7910   17       3       java.util.ImmutableCollections$AbstractImmutableSet::<init> (5 bytes)
Event: 0.533 Thread 0x00000188da4f7910 nmethod 17 0x00000188c6a74d90 code [0x00000188c6a74f40, 0x00000188c6a75178]
Event: 0.534 Thread 0x00000188da4f7910   19       3       java.util.Set::of (68 bytes)

GC Heap History (0 events):
No events

Dll operation events (1 events):
Event: 0.050 Loaded shared library C:\DevelopmentSoftwares\eclipse\plugins\org.eclipse.justj.openjdk.hotspot.jre.full.win32.x86_64_17.0.9.v20231028-0858\jre\bin\java.dll

Deoptimization events (0 events):
No events

Classes unloaded (0 events):
No events

Classes redefined (0 events):
No events

Internal exceptions (0 events):
No events

VM Operations (0 events):
No events

Events (20 events):
Event: 0.519 loading class java/lang/module/ModuleDescriptor$Requires done
Event: 0.519 loading class java/lang/module/ModuleDescriptor$Exports
Event: 0.519 loading class java/lang/module/ModuleDescriptor$Exports done
Event: 0.523 loading class java/lang/module/ModuleDescriptor$Opens
Event: 0.523 loading class java/lang/module/ModuleDescriptor$Opens done
Event: 0.524 loading class java/lang/module/ModuleDescriptor$Provides
Event: 0.524 loading class java/lang/module/ModuleDescriptor$Provides done
Event: 0.524 loading class java/util/ImmutableCollections$List12
Event: 0.524 loading class java/util/ImmutableCollections$List12 done
Event: 0.525 loading class java/lang/module/ModuleDescriptor$Version
Event: 0.525 loading class java/lang/module/ModuleDescriptor$Version done
Event: 0.525 loading class java/lang/module/ModuleDescriptor$Modifier
Event: 0.525 loading class java/lang/Enum
Event: 0.526 loading class java/lang/Enum done
Event: 0.526 loading class java/lang/module/ModuleDescriptor$Modifier done
Event: 0.526 loading class java/lang/module/ModuleDescriptor$Requires$Modifier
Event: 0.526 loading class java/lang/module/ModuleDescriptor$Requires$Modifier done
Event: 0.534 loading class jdk/internal/module/ModuleTarget
Event: 0.534 loading class jdk/internal/module/ModuleTarget done
Event: 0.534 loading class jdk/internal/module/ModuleHashes


Dynamic libraries:
0x00007ff681900000 - 0x00007ff68190e000 	C:\DevelopmentSoftwares\eclipse\plugins\org.eclipse.justj.openjdk.hotspot.jre.full.win32.x86_64_17.0.9.v20231028-0858\jre\bin\javaw.exe
0x00007ff82f730000 - 0x00007ff82f947000 	C:\windows\SYSTEM32\ntdll.dll
0x00007ff82f4c0000 - 0x00007ff82f584000 	C:\windows\System32\KERNEL32.DLL
0x00007ff82cfa0000 - 0x00007ff82d34c000 	C:\windows\System32\KERNELBASE.dll
0x00007ff82cc20000 - 0x00007ff82cd31000 	C:\windows\System32\ucrtbase.dll
0x00007ff822a10000 - 0x00007ff822a2b000 	C:\DevelopmentSoftwares\eclipse\plugins\org.eclipse.justj.openjdk.hotspot.jre.full.win32.x86_64_17.0.9.v20231028-0858\jre\bin\VCRUNTIME140.dll
0x00007ff824f60000 - 0x00007ff824f77000 	C:\DevelopmentSoftwares\eclipse\plugins\org.eclipse.justj.openjdk.hotspot.jre.full.win32.x86_64_17.0.9.v20231028-0858\jre\bin\jli.dll
0x00007ff82ea40000 - 0x00007ff82ebee000 	C:\windows\System32\USER32.dll
0x00007ff82d3c0000 - 0x00007ff82d3e6000 	C:\windows\System32\win32u.dll
0x00007ff82ef30000 - 0x00007ff82ef59000 	C:\windows\System32\GDI32.dll
0x00007ff82cb00000 - 0x00007ff82cc19000 	C:\windows\System32\gdi32full.dll
0x00007ff82ca60000 - 0x00007ff82cafa000 	C:\windows\System32\msvcp_win.dll
0x00007ff8148a0000 - 0x00007ff814b33000 	C:\windows\WinSxS\amd64_microsoft.windows.common-controls_6595b64144ccf1df_6.0.22621.3672_none_2713b9d173822955\COMCTL32.dll
0x00007ff82db50000 - 0x00007ff82dbf7000 	C:\windows\System32\msvcrt.dll
0x00007ff82ea00000 - 0x00007ff82ea31000 	C:\windows\System32\IMM32.DLL
0x00007ff827bb0000 - 0x00007ff827bbc000 	C:\DevelopmentSoftwares\eclipse\plugins\org.eclipse.justj.openjdk.hotspot.jre.full.win32.x86_64_17.0.9.v20231028-0858\jre\bin\vcruntime140_1.dll
0x00007ff813740000 - 0x00007ff8137cd000 	C:\DevelopmentSoftwares\eclipse\plugins\org.eclipse.justj.openjdk.hotspot.jre.full.win32.x86_64_17.0.9.v20231028-0858\jre\bin\msvcp140.dll
0x00007fffe54b0000 - 0x00007fffe6111000 	C:\DevelopmentSoftwares\eclipse\plugins\org.eclipse.justj.openjdk.hotspot.jre.full.win32.x86_64_17.0.9.v20231028-0858\jre\bin\server\jvm.dll
0x00007ff82ec10000 - 0x00007ff82ecc2000 	C:\windows\System32\ADVAPI32.dll
0x00007ff82d470000 - 0x00007ff82d518000 	C:\windows\System32\sechost.dll
0x00007ff82cd40000 - 0x00007ff82cd68000 	C:\windows\System32\bcrypt.dll
0x00007ff82dc00000 - 0x00007ff82dd15000 	C:\windows\System32\RPCRT4.dll
0x00007ff80b2d0000 - 0x00007ff80b2d9000 	C:\windows\SYSTEM32\WSOCK32.dll
0x00007ff8252f0000 - 0x00007ff8252fa000 	C:\windows\SYSTEM32\VERSION.dll
0x00007ff82e980000 - 0x00007ff82e9f1000 	C:\windows\System32\WS2_32.dll
0x00007ff8252b0000 - 0x00007ff8252e4000 	C:\windows\SYSTEM32\WINMM.dll
0x00007ff82c920000 - 0x00007ff82c96d000 	C:\windows\SYSTEM32\POWRPROF.dll
0x00007ff82c850000 - 0x00007ff82c863000 	C:\windows\SYSTEM32\UMPDC.dll
0x00007ff82ba90000 - 0x00007ff82baa8000 	C:\windows\SYSTEM32\kernel.appcore.dll
0x00007ff800200000 - 0x00007ff80020a000 	C:\DevelopmentSoftwares\eclipse\plugins\org.eclipse.justj.openjdk.hotspot.jre.full.win32.x86_64_17.0.9.v20231028-0858\jre\bin\jimage.dll
0x00007ff82a330000 - 0x00007ff82a562000 	C:\windows\SYSTEM32\DBGHELP.DLL
0x00007ff82e5f0000 - 0x00007ff82e978000 	C:\windows\System32\combase.dll
0x00007ff82f3e0000 - 0x00007ff82f4b7000 	C:\windows\System32\OLEAUT32.dll
0x00007ff80b830000 - 0x00007ff80b862000 	C:\windows\SYSTEM32\dbgcore.DLL
0x00007ff82d3f0000 - 0x00007ff82d46b000 	C:\windows\System32\bcryptPrimitives.dll
0x00007fffe77f0000 - 0x00007fffe7815000 	C:\DevelopmentSoftwares\eclipse\plugins\org.eclipse.justj.openjdk.hotspot.jre.full.win32.x86_64_17.0.9.v20231028-0858\jre\bin\java.dll
0x00007fffea9c0000 - 0x00007fffea9d8000 	C:\DevelopmentSoftwares\eclipse\plugins\org.eclipse.justj.openjdk.hotspot.jre.full.win32.x86_64_17.0.9.v20231028-0858\jre\bin\zip.dll
0x00007ff82dd20000 - 0x00007ff82e57c000 	C:\windows\System32\SHELL32.dll
0x00007ff82a9b0000 - 0x00007ff82b2a7000 	C:\windows\SYSTEM32\windows.storage.dll
0x00007ff82a870000 - 0x00007ff82a9af000 	C:\windows\SYSTEM32\wintypes.dll
0x00007ff82ee30000 - 0x00007ff82ef24000 	C:\windows\System32\SHCORE.dll
0x00007ff82e590000 - 0x00007ff82e5ee000 	C:\windows\System32\shlwapi.dll
0x00007ff82c990000 - 0x00007ff82c9b1000 	C:\windows\SYSTEM32\profapi.dll

dbghelp: loaded successfully - version: 4.0.5 - missing functions: none
symbol engine: initialized successfully - sym options: 0x614 - pdb path: .;C:\DevelopmentSoftwares\eclipse\plugins\org.eclipse.justj.openjdk.hotspot.jre.full.win32.x86_64_17.0.9.v20231028-0858\jre\bin;C:\windows\SYSTEM32;C:\windows\WinSxS\amd64_microsoft.windows.common-controls_6595b64144ccf1df_6.0.22621.3672_none_2713b9d173822955;C:\DevelopmentSoftwares\eclipse\plugins\org.eclipse.justj.openjdk.hotspot.jre.full.win32.x86_64_17.0.9.v20231028-0858\jre\bin\server

VM Arguments:
jvm_args: -Dfile.encoding=UTF-8 -Dstdout.encoding=UTF-8 -Dstderr.encoding=UTF-8 -XX:+ShowCodeDetailsInExceptionMessages 
java_command: com.excelr.hibernate_caching.App
java_class_path (initial): C:\Users\prems\OneDrive\Desktop\ExcelR\ExcelREvening\Backend\hibernate\hibernate_query_language\target\classes;C:\Users\prems\.m2\repository\mysql\mysql-connector-java\8.0.22\mysql-connector-java-8.0.22.jar;C:\Users\prems\.m2\repository\com\google\protobuf\protobuf-java\3.11.4\protobuf-java-3.11.4.jar;C:\Users\prems\.m2\repository\org\hibernate\hibernate-core\5.3.30.Final\hibernate-core-5.3.30.Final.jar;C:\Users\prems\.m2\repository\org\jboss\logging\jboss-logging\3.4.2.Final\jboss-logging-3.4.2.Final.jar;C:\Users\prems\.m2\repository\javax\persistence\javax.persistence-api\2.2\javax.persistence-api-2.2.jar;C:\Users\prems\.m2\repository\org\javassist\javassist\3.27.0-GA\javassist-3.27.0-GA.jar;C:\Users\prems\.m2\repository\net\bytebuddy\byte-buddy\1.11.12\byte-buddy-1.11.12.jar;C:\Users\prems\.m2\repository\antlr\antlr\2.7.7\antlr-2.7.7.jar;C:\Users\prems\.m2\repository\org\jboss\spec\javax\transaction\jboss-transaction-api_1.2_spec\1.1.1.Final\jboss-transaction-api_1.2_spec-1.1.1.Final.jar;C:\Users\prems\.m2\repository\org\jboss\jandex\2.0.5.Final\jandex-2.0.5.Final.jar;C:\Users\prems\.m2\repository\com\fasterxml\classmate\1.5.1\classmate-1.5.1.jar;C:\Users\prems\.m2\repository\javax\activation\javax.activation-api\1.2.0\javax.activation-api-1.2.0.jar;C:\Users\prems\.m2\repository\org\dom4j\dom4j\2.1.3\dom4j-2.1.3.jar;C:\Users\prems\.m2\repository\org\hibernate\common\hibernate-commons-annotations\5.0.5.Final\hibernate-commons-annotations-5.0.5.Final.jar;C:\Users\prems\.m2\repository\javax\xml\bind\jaxb-api\2.3.1\jaxb-api-2.3.1.jar;C:\Users\prems\.m2\repository\org\glassfish\jaxb\jaxb-runtime\2.3.1\jaxb-runtime-2.3.1.jar;C:\Users\prems\.m2\repository\org\glassfish\jaxb\txw2\2.3.1\txw2-2.3.1.jar;C:\Users\prems\.m2\repository\com\sun\istack\istack-commons-runtime\3.0.7\istack-commons-runtime-3.0.7.jar;C:\Users\prems\.m2\repository\org\jvnet\staxex\stax-ex\1.8\stax-ex-1.8.jar;C:\Users\prems\.m2\repository\com\sun\xml\fastinfoset\FastInfose
Launcher Type: SUN_STANDARD

[Global flags]
     intx CICompilerCount                          = 3                                         {product} {ergonomic}
     uint ConcGCThreads                            = 1                                         {product} {ergonomic}
     uint G1ConcRefinementThreads                  = 4                                         {product} {ergonomic}
   size_t G1HeapRegionSize                         = 1048576                                   {product} {ergonomic}
    uintx GCDrainStackTargetSize                   = 64                                        {product} {ergonomic}
   size_t InitialHeapSize                          = 65011712                                  {product} {ergonomic}
   size_t MarkStackSize                            = 4194304                                   {product} {ergonomic}
   size_t MaxHeapSize                              = 1012924416                                {product} {ergonomic}
   size_t MaxNewSize                               = 607125504                                 {product} {ergonomic}
   size_t MinHeapDeltaBytes                        = 1048576                                   {product} {ergonomic}
   size_t MinHeapSize                              = 8388608                                   {product} {ergonomic}
    uintx NonNMethodCodeHeapSize                   = 5832780                                {pd product} {ergonomic}
    uintx NonProfiledCodeHeapSize                  = 122912730                              {pd product} {ergonomic}
    uintx ProfiledCodeHeapSize                     = 122912730                              {pd product} {ergonomic}
    uintx ReservedCodeCacheSize                    = 251658240                              {pd product} {ergonomic}
     bool SegmentedCodeCache                       = true                                      {product} {ergonomic}
     bool ShowCodeDetailsInExceptionMessages       = true                                   {manageable} {command line}
   size_t SoftMaxHeapSize                          = 1012924416                             {manageable} {ergonomic}
     bool UseCompressedClassPointers               = true                           {product lp64_product} {ergonomic}
     bool UseCompressedOops                        = true                           {product lp64_product} {ergonomic}
     bool UseG1GC                                  = true                                      {product} {ergonomic}
     bool UseLargePagesIndividualAllocation        = false                                  {pd product} {ergonomic}

Logging:
Log output configuration:
 #0: stdout all=warning uptime,level,tags
 #1: stderr all=off uptime,level,tags

Environment Variables:
CLASSPATH=C:\DevelopmentSoftwares\mysql-connector-j-8.3.0\mysql-connector-j-8.3.0.jar;C:\DevelopmentSoftwares\tomcat-9\lib\servlet-api.jar;
PATH=C:/DevelopmentSoftwares/eclipse//plugins/org.eclipse.justj.openjdk.hotspot.jre.full.win32.x86_64_17.0.9.v20231028-0858/jre/bin/server;C:/DevelopmentSoftwares/eclipse//plugins/org.eclipse.justj.openjdk.hotspot.jre.full.win32.x86_64_17.0.9.v20231028-0858/jre/bin;C:\Program Files\Common Files\Oracle\Java\javapath;C:\windows\system32;C:\windows;C:\windows\System32\Wbem;C:\windows\System32\WindowsPowerShell\v1.0\;C:\windows\System32\OpenSSH\;C:\DevelopmentSoftwares\Git\cmd;C:\Program Files\HP\HP One Agent;C:\Users\prems\AppData\Local\Microsoft\WindowsApps;C:\DevelopmentSoftwares\MySQLServer8.3\bin;C:\DevelopmentSoftwares\vs-code\bin;C:\DevelopmentSoftwares\JDK17\bin;;C:\DevelopmentSoftwares\eclipse;
USERNAME=prems
OS=Windows_NT
PROCESSOR_IDENTIFIER=Intel64 Family 6 Model 122 Stepping 8, GenuineIntel
TMP=C:\Users\prems\AppData\Local\Temp
TEMP=C:\Users\prems\AppData\Local\Temp



Periodic native trim disabled


---------------  S Y S T E M  ---------------

OS:
 Windows 11 , 64 bit Build 22621 (10.0.22621.3672)
OS uptime: 0 days 1:42 hours

CPU: total 4 (initial active 4) (4 cores per cpu, 1 threads per core) family 6 model 122 stepping 8 microcode 0x20, cx8, cmov, fxsr, mmx, 3dnowpref, sse, sse2, sse3, ssse3, sse4.1, sse4.2, popcnt, tsc, tscinvbit, aes, erms, clmul, sha, clflush, clflushopt
Processor Information for all 4 processors :
  Max Mhz: 1101, Current Mhz: 1101, Mhz Limit: 1101

Memory: 4k page, system-wide physical 3858M (78M free)
TotalPageFile size 11202M (AvailPageFile size 0M)
current process WorkingSet (physical memory assigned to process): 25M, peak: 25M
current process commit charge ("private bytes"): 123M, peak: 123M

vm_info: OpenJDK 64-Bit Server VM (17.0.9+9) for windows-amd64 JRE (17.0.9+9), built on Oct 26 2023 14:01:42 by "admin" with MS VC++ 16.10 / 16.11 (VS2019)

END.
